[Mon Sep 05 2016 09:16:38 GMT+0800 (CST)] /stylesheets/bootstrap.min.css
Error: Not Found
    at /Users/qiaoni/HomeLink/angular/server/config/error.js:23:16
    at Layer.handle [as handle_request] (/Users/qiaoni/HomeLink/angular/node_modules/express/lib/router/layer.js:95:5)
    at trim_prefix (/Users/qiaoni/HomeLink/angular/node_modules/express/lib/router/index.js:312:13)
    at /Users/qiaoni/HomeLink/angular/node_modules/express/lib/router/index.js:280:7
    at Function.process_params (/Users/qiaoni/HomeLink/angular/node_modules/express/lib/router/index.js:330:12)
    at next (/Users/qiaoni/HomeLink/angular/node_modules/express/lib/router/index.js:271:10)
    at /Users/qiaoni/HomeLink/angular/server/config/filter.js:23:5
    at Layer.handle [as handle_request] (/Users/qiaoni/HomeLink/angular/node_modules/express/lib/router/layer.js:95:5)
    at trim_prefix (/Users/qiaoni/HomeLink/angular/node_modules/express/lib/router/index.js:312:13)
    at /Users/qiaoni/HomeLink/angular/node_modules/express/lib/router/index.js:280:7
[Mon Sep 05 2016 09:16:38 GMT+0800 (CST)] /favicon.ico
Error: Not Found
    at /Users/qiaoni/HomeLink/angular/server/config/error.js:23:16
    at Layer.handle [as handle_request] (/Users/qiaoni/HomeLink/angular/node_modules/express/lib/router/layer.js:95:5)
    at trim_prefix (/Users/qiaoni/HomeLink/angular/node_modules/express/lib/router/index.js:312:13)
    at /Users/qiaoni/HomeLink/angular/node_modules/express/lib/router/index.js:280:7
    at Function.process_params (/Users/qiaoni/HomeLink/angular/node_modules/express/lib/router/index.js:330:12)
    at next (/Users/qiaoni/HomeLink/angular/node_modules/express/lib/router/index.js:271:10)
    at /Users/qiaoni/HomeLink/angular/server/config/filter.js:23:5
    at Layer.handle [as handle_request] (/Users/qiaoni/HomeLink/angular/node_modules/express/lib/router/layer.js:95:5)
    at trim_prefix (/Users/qiaoni/HomeLink/angular/node_modules/express/lib/router/index.js:312:13)
    at /Users/qiaoni/HomeLink/angular/node_modules/express/lib/router/index.js:280:7
[Mon Sep 12 2016 10:02:01 GMT+0800 (CST)] /favicon.ico
Error: Not Found
    at /Users/qiaoni/HomeLink/angular/server/config/error.js:23:16
    at Layer.handle [as handle_request] (/Users/qiaoni/HomeLink/angular/node_modules/express/lib/router/layer.js:95:5)
    at trim_prefix (/Users/qiaoni/HomeLink/angular/node_modules/express/lib/router/index.js:312:13)
    at /Users/qiaoni/HomeLink/angular/node_modules/express/lib/router/index.js:280:7
    at Function.process_params (/Users/qiaoni/HomeLink/angular/node_modules/express/lib/router/index.js:330:12)
    at next (/Users/qiaoni/HomeLink/angular/node_modules/express/lib/router/index.js:271:10)
    at /Users/qiaoni/HomeLink/angular/server/config/filter.js:23:5
    at Layer.handle [as handle_request] (/Users/qiaoni/HomeLink/angular/node_modules/express/lib/router/layer.js:95:5)
    at trim_prefix (/Users/qiaoni/HomeLink/angular/node_modules/express/lib/router/index.js:312:13)
    at /Users/qiaoni/HomeLink/angular/node_modules/express/lib/router/index.js:280:7
[Mon Sep 12 2016 10:12:31 GMT+0800 (CST)] /node_modules/@angular/angular.http.js
Error: Not Found
    at /Users/qiaoni/HomeLink/angular/server/config/error.js:23:16
    at Layer.handle [as handle_request] (/Users/qiaoni/HomeLink/angular/node_modules/express/lib/router/layer.js:95:5)
    at trim_prefix (/Users/qiaoni/HomeLink/angular/node_modules/express/lib/router/index.js:312:13)
    at /Users/qiaoni/HomeLink/angular/node_modules/express/lib/router/index.js:280:7
    at Function.process_params (/Users/qiaoni/HomeLink/angular/node_modules/express/lib/router/index.js:330:12)
    at next (/Users/qiaoni/HomeLink/angular/node_modules/express/lib/router/index.js:271:10)
    at /Users/qiaoni/HomeLink/angular/server/config/filter.js:23:5
    at Layer.handle [as handle_request] (/Users/qiaoni/HomeLink/angular/node_modules/express/lib/router/layer.js:95:5)
    at trim_prefix (/Users/qiaoni/HomeLink/angular/node_modules/express/lib/router/index.js:312:13)
    at /Users/qiaoni/HomeLink/angular/node_modules/express/lib/router/index.js:280:7
[Mon Sep 12 2016 10:12:31 GMT+0800 (CST)] /node_modules/@angular/angular.core.js
Error: Not Found
    at /Users/qiaoni/HomeLink/angular/server/config/error.js:23:16
    at Layer.handle [as handle_request] (/Users/qiaoni/HomeLink/angular/node_modules/express/lib/router/layer.js:95:5)
    at trim_prefix (/Users/qiaoni/HomeLink/angular/node_modules/express/lib/router/index.js:312:13)
    at /Users/qiaoni/HomeLink/angular/node_modules/express/lib/router/index.js:280:7
    at Function.process_params (/Users/qiaoni/HomeLink/angular/node_modules/express/lib/router/index.js:330:12)
    at next (/Users/qiaoni/HomeLink/angular/node_modules/express/lib/router/index.js:271:10)
    at /Users/qiaoni/HomeLink/angular/server/config/filter.js:23:5
    at Layer.handle [as handle_request] (/Users/qiaoni/HomeLink/angular/node_modules/express/lib/router/layer.js:95:5)
    at trim_prefix (/Users/qiaoni/HomeLink/angular/node_modules/express/lib/router/index.js:312:13)
    at /Users/qiaoni/HomeLink/angular/node_modules/express/lib/router/index.js:280:7
[Mon Sep 12 2016 10:12:31 GMT+0800 (CST)] /node_modules/@angular/angular.router.js
Error: Not Found
    at /Users/qiaoni/HomeLink/angular/server/config/error.js:23:16
    at Layer.handle [as handle_request] (/Users/qiaoni/HomeLink/angular/node_modules/express/lib/router/layer.js:95:5)
    at trim_prefix (/Users/qiaoni/HomeLink/angular/node_modules/express/lib/router/index.js:312:13)
    at /Users/qiaoni/HomeLink/angular/node_modules/express/lib/router/index.js:280:7
    at Function.process_params (/Users/qiaoni/HomeLink/angular/node_modules/express/lib/router/index.js:330:12)
    at next (/Users/qiaoni/HomeLink/angular/node_modules/express/lib/router/index.js:271:10)
    at /Users/qiaoni/HomeLink/angular/server/config/filter.js:23:5
    at Layer.handle [as handle_request] (/Users/qiaoni/HomeLink/angular/node_modules/express/lib/router/layer.js:95:5)
    at trim_prefix (/Users/qiaoni/HomeLink/angular/node_modules/express/lib/router/index.js:312:13)
    at /Users/qiaoni/HomeLink/angular/node_modules/express/lib/router/index.js:280:7
[Mon Sep 12 2016 10:12:31 GMT+0800 (CST)] /node_modules/@angular/angular.platform.js
Error: Not Found
    at /Users/qiaoni/HomeLink/angular/server/config/error.js:23:16
    at Layer.handle [as handle_request] (/Users/qiaoni/HomeLink/angular/node_modules/express/lib/router/layer.js:95:5)
    at trim_prefix (/Users/qiaoni/HomeLink/angular/node_modules/express/lib/router/index.js:312:13)
    at /Users/qiaoni/HomeLink/angular/node_modules/express/lib/router/index.js:280:7
    at Function.process_params (/Users/qiaoni/HomeLink/angular/node_modules/express/lib/router/index.js:330:12)
    at next (/Users/qiaoni/HomeLink/angular/node_modules/express/lib/router/index.js:271:10)
    at /Users/qiaoni/HomeLink/angular/server/config/filter.js:23:5
    at Layer.handle [as handle_request] (/Users/qiaoni/HomeLink/angular/node_modules/express/lib/router/layer.js:95:5)
    at trim_prefix (/Users/qiaoni/HomeLink/angular/node_modules/express/lib/router/index.js:312:13)
    at /Users/qiaoni/HomeLink/angular/node_modules/express/lib/router/index.js:280:7
[Mon Sep 12 2016 10:12:31 GMT+0800 (CST)] /node_modules/@angular/angular.core.js
Error: Not Found
    at /Users/qiaoni/HomeLink/angular/server/config/error.js:23:16
    at Layer.handle [as handle_request] (/Users/qiaoni/HomeLink/angular/node_modules/express/lib/router/layer.js:95:5)
    at trim_prefix (/Users/qiaoni/HomeLink/angular/node_modules/express/lib/router/index.js:312:13)
    at /Users/qiaoni/HomeLink/angular/node_modules/express/lib/router/index.js:280:7
    at Function.process_params (/Users/qiaoni/HomeLink/angular/node_modules/express/lib/router/index.js:330:12)
    at next (/Users/qiaoni/HomeLink/angular/node_modules/express/lib/router/index.js:271:10)
    at /Users/qiaoni/HomeLink/angular/server/config/filter.js:23:5
    at Layer.handle [as handle_request] (/Users/qiaoni/HomeLink/angular/node_modules/express/lib/router/layer.js:95:5)
    at trim_prefix (/Users/qiaoni/HomeLink/angular/node_modules/express/lib/router/index.js:312:13)
    at /Users/qiaoni/HomeLink/angular/node_modules/express/lib/router/index.js:280:7
[Mon Sep 12 2016 10:12:31 GMT+0800 (CST)] /node_modules/@angular/angular.http.js
Error: Not Found
    at /Users/qiaoni/HomeLink/angular/server/config/error.js:23:16
    at Layer.handle [as handle_request] (/Users/qiaoni/HomeLink/angular/node_modules/express/lib/router/layer.js:95:5)
    at trim_prefix (/Users/qiaoni/HomeLink/angular/node_modules/express/lib/router/index.js:312:13)
    at /Users/qiaoni/HomeLink/angular/node_modules/express/lib/router/index.js:280:7
    at Function.process_params (/Users/qiaoni/HomeLink/angular/node_modules/express/lib/router/index.js:330:12)
    at next (/Users/qiaoni/HomeLink/angular/node_modules/express/lib/router/index.js:271:10)
    at /Users/qiaoni/HomeLink/angular/server/config/filter.js:23:5
    at Layer.handle [as handle_request] (/Users/qiaoni/HomeLink/angular/node_modules/express/lib/router/layer.js:95:5)
    at trim_prefix (/Users/qiaoni/HomeLink/angular/node_modules/express/lib/router/index.js:312:13)
    at /Users/qiaoni/HomeLink/angular/node_modules/express/lib/router/index.js:280:7
[Mon Sep 12 2016 10:12:31 GMT+0800 (CST)] /node_modules/@angular/angular.platform.js
Error: Not Found
    at /Users/qiaoni/HomeLink/angular/server/config/error.js:23:16
    at Layer.handle [as handle_request] (/Users/qiaoni/HomeLink/angular/node_modules/express/lib/router/layer.js:95:5)
    at trim_prefix (/Users/qiaoni/HomeLink/angular/node_modules/express/lib/router/index.js:312:13)
    at /Users/qiaoni/HomeLink/angular/node_modules/express/lib/router/index.js:280:7
    at Function.process_params (/Users/qiaoni/HomeLink/angular/node_modules/express/lib/router/index.js:330:12)
    at next (/Users/qiaoni/HomeLink/angular/node_modules/express/lib/router/index.js:271:10)
    at /Users/qiaoni/HomeLink/angular/server/config/filter.js:23:5
    at Layer.handle [as handle_request] (/Users/qiaoni/HomeLink/angular/node_modules/express/lib/router/layer.js:95:5)
    at trim_prefix (/Users/qiaoni/HomeLink/angular/node_modules/express/lib/router/index.js:312:13)
    at /Users/qiaoni/HomeLink/angular/node_modules/express/lib/router/index.js:280:7
[Mon Sep 12 2016 10:12:31 GMT+0800 (CST)] /node_modules/@angular/angular.router.js
Error: Not Found
    at /Users/qiaoni/HomeLink/angular/server/config/error.js:23:16
    at Layer.handle [as handle_request] (/Users/qiaoni/HomeLink/angular/node_modules/express/lib/router/layer.js:95:5)
    at trim_prefix (/Users/qiaoni/HomeLink/angular/node_modules/express/lib/router/index.js:312:13)
    at /Users/qiaoni/HomeLink/angular/node_modules/express/lib/router/index.js:280:7
    at Function.process_params (/Users/qiaoni/HomeLink/angular/node_modules/express/lib/router/index.js:330:12)
    at next (/Users/qiaoni/HomeLink/angular/node_modules/express/lib/router/index.js:271:10)
    at /Users/qiaoni/HomeLink/angular/server/config/filter.js:23:5
    at Layer.handle [as handle_request] (/Users/qiaoni/HomeLink/angular/node_modules/express/lib/router/layer.js:95:5)
    at trim_prefix (/Users/qiaoni/HomeLink/angular/node_modules/express/lib/router/index.js:312:13)
    at /Users/qiaoni/HomeLink/angular/node_modules/express/lib/router/index.js:280:7
[Mon Sep 12 2016 11:45:20 GMT+0800 (CST)] /account/index.js
Error: Not Found
    at /Users/qiaoni/HomeLink/angular/server/config/error.js:23:16
    at Layer.handle [as handle_request] (/Users/qiaoni/HomeLink/angular/node_modules/express/lib/router/layer.js:95:5)
    at trim_prefix (/Users/qiaoni/HomeLink/angular/node_modules/express/lib/router/index.js:312:13)
    at /Users/qiaoni/HomeLink/angular/node_modules/express/lib/router/index.js:280:7
    at Function.process_params (/Users/qiaoni/HomeLink/angular/node_modules/express/lib/router/index.js:330:12)
    at next (/Users/qiaoni/HomeLink/angular/node_modules/express/lib/router/index.js:271:10)
    at /Users/qiaoni/HomeLink/angular/server/config/filter.js:23:5
    at Layer.handle [as handle_request] (/Users/qiaoni/HomeLink/angular/node_modules/express/lib/router/layer.js:95:5)
    at trim_prefix (/Users/qiaoni/HomeLink/angular/node_modules/express/lib/router/index.js:312:13)
    at /Users/qiaoni/HomeLink/angular/node_modules/express/lib/router/index.js:280:7
[Mon Sep 12 2016 11:45:20 GMT+0800 (CST)] /dist/core/polyfills.js
Error: Not Found
    at /Users/qiaoni/HomeLink/angular/server/config/error.js:23:16
    at Layer.handle [as handle_request] (/Users/qiaoni/HomeLink/angular/node_modules/express/lib/router/layer.js:95:5)
    at trim_prefix (/Users/qiaoni/HomeLink/angular/node_modules/express/lib/router/index.js:312:13)
    at /Users/qiaoni/HomeLink/angular/node_modules/express/lib/router/index.js:280:7
    at Function.process_params (/Users/qiaoni/HomeLink/angular/node_modules/express/lib/router/index.js:330:12)
    at next (/Users/qiaoni/HomeLink/angular/node_modules/express/lib/router/index.js:271:10)
    at /Users/qiaoni/HomeLink/angular/server/config/filter.js:23:5
    at Layer.handle [as handle_request] (/Users/qiaoni/HomeLink/angular/node_modules/express/lib/router/layer.js:95:5)
    at trim_prefix (/Users/qiaoni/HomeLink/angular/node_modules/express/lib/router/index.js:312:13)
    at /Users/qiaoni/HomeLink/angular/node_modules/express/lib/router/index.js:280:7
[Mon Sep 12 2016 11:45:20 GMT+0800 (CST)] /dist/core/vendor.js
Error: Not Found
    at /Users/qiaoni/HomeLink/angular/server/config/error.js:23:16
    at Layer.handle [as handle_request] (/Users/qiaoni/HomeLink/angular/node_modules/express/lib/router/layer.js:95:5)
    at trim_prefix (/Users/qiaoni/HomeLink/angular/node_modules/express/lib/router/index.js:312:13)
    at /Users/qiaoni/HomeLink/angular/node_modules/express/lib/router/index.js:280:7
    at Function.process_params (/Users/qiaoni/HomeLink/angular/node_modules/express/lib/router/index.js:330:12)
    at next (/Users/qiaoni/HomeLink/angular/node_modules/express/lib/router/index.js:271:10)
    at /Users/qiaoni/HomeLink/angular/server/config/filter.js:23:5
    at Layer.handle [as handle_request] (/Users/qiaoni/HomeLink/angular/node_modules/express/lib/router/layer.js:95:5)
    at trim_prefix (/Users/qiaoni/HomeLink/angular/node_modules/express/lib/router/index.js:312:13)
    at /Users/qiaoni/HomeLink/angular/node_modules/express/lib/router/index.js:280:7
[Mon Sep 12 2016 11:45:20 GMT+0800 (CST)] /dist/core/vendor.js
Error: Not Found
    at /Users/qiaoni/HomeLink/angular/server/config/error.js:23:16
    at Layer.handle [as handle_request] (/Users/qiaoni/HomeLink/angular/node_modules/express/lib/router/layer.js:95:5)
    at trim_prefix (/Users/qiaoni/HomeLink/angular/node_modules/express/lib/router/index.js:312:13)
    at /Users/qiaoni/HomeLink/angular/node_modules/express/lib/router/index.js:280:7
    at Function.process_params (/Users/qiaoni/HomeLink/angular/node_modules/express/lib/router/index.js:330:12)
    at next (/Users/qiaoni/HomeLink/angular/node_modules/express/lib/router/index.js:271:10)
    at /Users/qiaoni/HomeLink/angular/server/config/filter.js:23:5
    at Layer.handle [as handle_request] (/Users/qiaoni/HomeLink/angular/node_modules/express/lib/router/layer.js:95:5)
    at trim_prefix (/Users/qiaoni/HomeLink/angular/node_modules/express/lib/router/index.js:312:13)
    at /Users/qiaoni/HomeLink/angular/node_modules/express/lib/router/index.js:280:7
[Mon Sep 12 2016 11:45:20 GMT+0800 (CST)] /account/index.js
Error: Not Found
    at /Users/qiaoni/HomeLink/angular/server/config/error.js:23:16
    at Layer.handle [as handle_request] (/Users/qiaoni/HomeLink/angular/node_modules/express/lib/router/layer.js:95:5)
    at trim_prefix (/Users/qiaoni/HomeLink/angular/node_modules/express/lib/router/index.js:312:13)
    at /Users/qiaoni/HomeLink/angular/node_modules/express/lib/router/index.js:280:7
    at Function.process_params (/Users/qiaoni/HomeLink/angular/node_modules/express/lib/router/index.js:330:12)
    at next (/Users/qiaoni/HomeLink/angular/node_modules/express/lib/router/index.js:271:10)
    at /Users/qiaoni/HomeLink/angular/server/config/filter.js:23:5
    at Layer.handle [as handle_request] (/Users/qiaoni/HomeLink/angular/node_modules/express/lib/router/layer.js:95:5)
    at trim_prefix (/Users/qiaoni/HomeLink/angular/node_modules/express/lib/router/index.js:312:13)
    at /Users/qiaoni/HomeLink/angular/node_modules/express/lib/router/index.js:280:7
[Mon Sep 12 2016 11:45:26 GMT+0800 (CST)] /dist/core/polyfills.js
Error: Not Found
    at /Users/qiaoni/HomeLink/angular/server/config/error.js:23:16
    at Layer.handle [as handle_request] (/Users/qiaoni/HomeLink/angular/node_modules/express/lib/router/layer.js:95:5)
    at trim_prefix (/Users/qiaoni/HomeLink/angular/node_modules/express/lib/router/index.js:312:13)
    at /Users/qiaoni/HomeLink/angular/node_modules/express/lib/router/index.js:280:7
    at Function.process_params (/Users/qiaoni/HomeLink/angular/node_modules/express/lib/router/index.js:330:12)
    at next (/Users/qiaoni/HomeLink/angular/node_modules/express/lib/router/index.js:271:10)
    at /Users/qiaoni/HomeLink/angular/server/config/filter.js:23:5
    at Layer.handle [as handle_request] (/Users/qiaoni/HomeLink/angular/node_modules/express/lib/router/layer.js:95:5)
    at trim_prefix (/Users/qiaoni/HomeLink/angular/node_modules/express/lib/router/index.js:312:13)
    at /Users/qiaoni/HomeLink/angular/node_modules/express/lib/router/index.js:280:7
[Mon Sep 12 2016 11:45:26 GMT+0800 (CST)] /dist/core/vendor.js
Error: Not Found
    at /Users/qiaoni/HomeLink/angular/server/config/error.js:23:16
    at Layer.handle [as handle_request] (/Users/qiaoni/HomeLink/angular/node_modules/express/lib/router/layer.js:95:5)
    at trim_prefix (/Users/qiaoni/HomeLink/angular/node_modules/express/lib/router/index.js:312:13)
    at /Users/qiaoni/HomeLink/angular/node_modules/express/lib/router/index.js:280:7
    at Function.process_params (/Users/qiaoni/HomeLink/angular/node_modules/express/lib/router/index.js:330:12)
    at next (/Users/qiaoni/HomeLink/angular/node_modules/express/lib/router/index.js:271:10)
    at /Users/qiaoni/HomeLink/angular/server/config/filter.js:23:5
    at Layer.handle [as handle_request] (/Users/qiaoni/HomeLink/angular/node_modules/express/lib/router/layer.js:95:5)
    at trim_prefix (/Users/qiaoni/HomeLink/angular/node_modules/express/lib/router/index.js:312:13)
    at /Users/qiaoni/HomeLink/angular/node_modules/express/lib/router/index.js:280:7
[Mon Sep 12 2016 11:45:26 GMT+0800 (CST)] /account/index.js
Error: Not Found
    at /Users/qiaoni/HomeLink/angular/server/config/error.js:23:16
    at Layer.handle [as handle_request] (/Users/qiaoni/HomeLink/angular/node_modules/express/lib/router/layer.js:95:5)
    at trim_prefix (/Users/qiaoni/HomeLink/angular/node_modules/express/lib/router/index.js:312:13)
    at /Users/qiaoni/HomeLink/angular/node_modules/express/lib/router/index.js:280:7
    at Function.process_params (/Users/qiaoni/HomeLink/angular/node_modules/express/lib/router/index.js:330:12)
    at next (/Users/qiaoni/HomeLink/angular/node_modules/express/lib/router/index.js:271:10)
    at /Users/qiaoni/HomeLink/angular/server/config/filter.js:23:5
    at Layer.handle [as handle_request] (/Users/qiaoni/HomeLink/angular/node_modules/express/lib/router/layer.js:95:5)
    at trim_prefix (/Users/qiaoni/HomeLink/angular/node_modules/express/lib/router/index.js:312:13)
    at /Users/qiaoni/HomeLink/angular/node_modules/express/lib/router/index.js:280:7
[Mon Sep 12 2016 11:45:37 GMT+0800 (CST)] /account/index.js
Error: Not Found
    at /Users/qiaoni/HomeLink/angular/server/config/error.js:23:16
    at Layer.handle [as handle_request] (/Users/qiaoni/HomeLink/angular/node_modules/express/lib/router/layer.js:95:5)
    at trim_prefix (/Users/qiaoni/HomeLink/angular/node_modules/express/lib/router/index.js:312:13)
    at /Users/qiaoni/HomeLink/angular/node_modules/express/lib/router/index.js:280:7
    at Function.process_params (/Users/qiaoni/HomeLink/angular/node_modules/express/lib/router/index.js:330:12)
    at next (/Users/qiaoni/HomeLink/angular/node_modules/express/lib/router/index.js:271:10)
    at /Users/qiaoni/HomeLink/angular/server/config/filter.js:23:5
    at Layer.handle [as handle_request] (/Users/qiaoni/HomeLink/angular/node_modules/express/lib/router/layer.js:95:5)
    at trim_prefix (/Users/qiaoni/HomeLink/angular/node_modules/express/lib/router/index.js:312:13)
    at /Users/qiaoni/HomeLink/angular/node_modules/express/lib/router/index.js:280:7
[Mon Sep 12 2016 11:45:37 GMT+0800 (CST)] /account/index.js
Error: Not Found
    at /Users/qiaoni/HomeLink/angular/server/config/error.js:23:16
    at Layer.handle [as handle_request] (/Users/qiaoni/HomeLink/angular/node_modules/express/lib/router/layer.js:95:5)
    at trim_prefix (/Users/qiaoni/HomeLink/angular/node_modules/express/lib/router/index.js:312:13)
    at /Users/qiaoni/HomeLink/angular/node_modules/express/lib/router/index.js:280:7
    at Function.process_params (/Users/qiaoni/HomeLink/angular/node_modules/express/lib/router/index.js:330:12)
    at next (/Users/qiaoni/HomeLink/angular/node_modules/express/lib/router/index.js:271:10)
    at /Users/qiaoni/HomeLink/angular/server/config/filter.js:23:5
    at Layer.handle [as handle_request] (/Users/qiaoni/HomeLink/angular/node_modules/express/lib/router/layer.js:95:5)
    at trim_prefix (/Users/qiaoni/HomeLink/angular/node_modules/express/lib/router/index.js:312:13)
    at /Users/qiaoni/HomeLink/angular/node_modules/express/lib/router/index.js:280:7
[Mon Sep 12 2016 13:20:33 GMT+0800 (CST)] /?g=Team&m=Task&a=index
Error: Not Found
    at /Users/qiaoni/HomeLink/angular/server/config/error.js:23:16
    at Layer.handle [as handle_request] (/Users/qiaoni/HomeLink/angular/node_modules/express/lib/router/layer.js:95:5)
    at trim_prefix (/Users/qiaoni/HomeLink/angular/node_modules/express/lib/router/index.js:312:13)
    at /Users/qiaoni/HomeLink/angular/node_modules/express/lib/router/index.js:280:7
    at Function.process_params (/Users/qiaoni/HomeLink/angular/node_modules/express/lib/router/index.js:330:12)
    at next (/Users/qiaoni/HomeLink/angular/node_modules/express/lib/router/index.js:271:10)
    at /Users/qiaoni/HomeLink/angular/server/config/filter.js:23:5
    at Layer.handle [as handle_request] (/Users/qiaoni/HomeLink/angular/node_modules/express/lib/router/layer.js:95:5)
    at trim_prefix (/Users/qiaoni/HomeLink/angular/node_modules/express/lib/router/index.js:312:13)
    at /Users/qiaoni/HomeLink/angular/node_modules/express/lib/router/index.js:280:7
[Mon Sep 12 2016 13:20:35 GMT+0800 (CST)] /?g=Team&m=Task&a=index
Error: Not Found
    at /Users/qiaoni/HomeLink/angular/server/config/error.js:23:16
    at Layer.handle [as handle_request] (/Users/qiaoni/HomeLink/angular/node_modules/express/lib/router/layer.js:95:5)
    at trim_prefix (/Users/qiaoni/HomeLink/angular/node_modules/express/lib/router/index.js:312:13)
    at /Users/qiaoni/HomeLink/angular/node_modules/express/lib/router/index.js:280:7
    at Function.process_params (/Users/qiaoni/HomeLink/angular/node_modules/express/lib/router/index.js:330:12)
    at next (/Users/qiaoni/HomeLink/angular/node_modules/express/lib/router/index.js:271:10)
    at /Users/qiaoni/HomeLink/angular/server/config/filter.js:23:5
    at Layer.handle [as handle_request] (/Users/qiaoni/HomeLink/angular/node_modules/express/lib/router/layer.js:95:5)
    at trim_prefix (/Users/qiaoni/HomeLink/angular/node_modules/express/lib/router/index.js:312:13)
    at /Users/qiaoni/HomeLink/angular/node_modules/express/lib/router/index.js:280:7
[Mon Sep 12 2016 15:21:57 GMT+0800 (CST)] /dist/core/polyfills.js
Error: Not Found
    at /Users/qiaoni/HomeLink/angular/server/config/error.js:23:16
    at Layer.handle [as handle_request] (/Users/qiaoni/HomeLink/angular/node_modules/express/lib/router/layer.js:95:5)
    at trim_prefix (/Users/qiaoni/HomeLink/angular/node_modules/express/lib/router/index.js:312:13)
    at /Users/qiaoni/HomeLink/angular/node_modules/express/lib/router/index.js:280:7
    at Function.process_params (/Users/qiaoni/HomeLink/angular/node_modules/express/lib/router/index.js:330:12)
    at next (/Users/qiaoni/HomeLink/angular/node_modules/express/lib/router/index.js:271:10)
    at /Users/qiaoni/HomeLink/angular/server/config/filter.js:23:5
    at Layer.handle [as handle_request] (/Users/qiaoni/HomeLink/angular/node_modules/express/lib/router/layer.js:95:5)
    at trim_prefix (/Users/qiaoni/HomeLink/angular/node_modules/express/lib/router/index.js:312:13)
    at /Users/qiaoni/HomeLink/angular/node_modules/express/lib/router/index.js:280:7
[Mon Sep 12 2016 15:21:57 GMT+0800 (CST)] /dist/core/vendor.js
Error: Not Found
    at /Users/qiaoni/HomeLink/angular/server/config/error.js:23:16
    at Layer.handle [as handle_request] (/Users/qiaoni/HomeLink/angular/node_modules/express/lib/router/layer.js:95:5)
    at trim_prefix (/Users/qiaoni/HomeLink/angular/node_modules/express/lib/router/index.js:312:13)
    at /Users/qiaoni/HomeLink/angular/node_modules/express/lib/router/index.js:280:7
    at Function.process_params (/Users/qiaoni/HomeLink/angular/node_modules/express/lib/router/index.js:330:12)
    at next (/Users/qiaoni/HomeLink/angular/node_modules/express/lib/router/index.js:271:10)
    at /Users/qiaoni/HomeLink/angular/server/config/filter.js:23:5
    at Layer.handle [as handle_request] (/Users/qiaoni/HomeLink/angular/node_modules/express/lib/router/layer.js:95:5)
    at trim_prefix (/Users/qiaoni/HomeLink/angular/node_modules/express/lib/router/index.js:312:13)
    at /Users/qiaoni/HomeLink/angular/node_modules/express/lib/router/index.js:280:7
[Mon Sep 12 2016 15:21:57 GMT+0800 (CST)] /dist/apps/account/index.js
Error: Not Found
    at /Users/qiaoni/HomeLink/angular/server/config/error.js:23:16
    at Layer.handle [as handle_request] (/Users/qiaoni/HomeLink/angular/node_modules/express/lib/router/layer.js:95:5)
    at trim_prefix (/Users/qiaoni/HomeLink/angular/node_modules/express/lib/router/index.js:312:13)
    at /Users/qiaoni/HomeLink/angular/node_modules/express/lib/router/index.js:280:7
    at Function.process_params (/Users/qiaoni/HomeLink/angular/node_modules/express/lib/router/index.js:330:12)
    at next (/Users/qiaoni/HomeLink/angular/node_modules/express/lib/router/index.js:271:10)
    at /Users/qiaoni/HomeLink/angular/server/config/filter.js:23:5
    at Layer.handle [as handle_request] (/Users/qiaoni/HomeLink/angular/node_modules/express/lib/router/layer.js:95:5)
    at trim_prefix (/Users/qiaoni/HomeLink/angular/node_modules/express/lib/router/index.js:312:13)
    at /Users/qiaoni/HomeLink/angular/node_modules/express/lib/router/index.js:280:7
[Mon Sep 12 2016 15:21:57 GMT+0800 (CST)] /dist/core/vendor.js
Error: Not Found
    at /Users/qiaoni/HomeLink/angular/server/config/error.js:23:16
    at Layer.handle [as handle_request] (/Users/qiaoni/HomeLink/angular/node_modules/express/lib/router/layer.js:95:5)
    at trim_prefix (/Users/qiaoni/HomeLink/angular/node_modules/express/lib/router/index.js:312:13)
    at /Users/qiaoni/HomeLink/angular/node_modules/express/lib/router/index.js:280:7
    at Function.process_params (/Users/qiaoni/HomeLink/angular/node_modules/express/lib/router/index.js:330:12)
    at next (/Users/qiaoni/HomeLink/angular/node_modules/express/lib/router/index.js:271:10)
    at /Users/qiaoni/HomeLink/angular/server/config/filter.js:23:5
    at Layer.handle [as handle_request] (/Users/qiaoni/HomeLink/angular/node_modules/express/lib/router/layer.js:95:5)
    at trim_prefix (/Users/qiaoni/HomeLink/angular/node_modules/express/lib/router/index.js:312:13)
    at /Users/qiaoni/HomeLink/angular/node_modules/express/lib/router/index.js:280:7
[Mon Sep 12 2016 15:21:57 GMT+0800 (CST)] /dist/apps/account/index.js
Error: Not Found
    at /Users/qiaoni/HomeLink/angular/server/config/error.js:23:16
    at Layer.handle [as handle_request] (/Users/qiaoni/HomeLink/angular/node_modules/express/lib/router/layer.js:95:5)
    at trim_prefix (/Users/qiaoni/HomeLink/angular/node_modules/express/lib/router/index.js:312:13)
    at /Users/qiaoni/HomeLink/angular/node_modules/express/lib/router/index.js:280:7
    at Function.process_params (/Users/qiaoni/HomeLink/angular/node_modules/express/lib/router/index.js:330:12)
    at next (/Users/qiaoni/HomeLink/angular/node_modules/express/lib/router/index.js:271:10)
    at /Users/qiaoni/HomeLink/angular/server/config/filter.js:23:5
    at Layer.handle [as handle_request] (/Users/qiaoni/HomeLink/angular/node_modules/express/lib/router/layer.js:95:5)
    at trim_prefix (/Users/qiaoni/HomeLink/angular/node_modules/express/lib/router/index.js:312:13)
    at /Users/qiaoni/HomeLink/angular/node_modules/express/lib/router/index.js:280:7
[Mon Sep 12 2016 15:32:53 GMT+0800 (CST)] /dist/core/polyfills.js?8173358c9702698f38be
Error: Not Found
    at /Users/qiaoni/HomeLink/angular/server/config/error.js:23:16
    at Layer.handle [as handle_request] (/Users/qiaoni/HomeLink/angular/node_modules/express/lib/router/layer.js:95:5)
    at trim_prefix (/Users/qiaoni/HomeLink/angular/node_modules/express/lib/router/index.js:312:13)
    at /Users/qiaoni/HomeLink/angular/node_modules/express/lib/router/index.js:280:7
    at Function.process_params (/Users/qiaoni/HomeLink/angular/node_modules/express/lib/router/index.js:330:12)
    at next (/Users/qiaoni/HomeLink/angular/node_modules/express/lib/router/index.js:271:10)
    at /Users/qiaoni/HomeLink/angular/server/config/filter.js:23:5
    at Layer.handle [as handle_request] (/Users/qiaoni/HomeLink/angular/node_modules/express/lib/router/layer.js:95:5)
    at trim_prefix (/Users/qiaoni/HomeLink/angular/node_modules/express/lib/router/index.js:312:13)
    at /Users/qiaoni/HomeLink/angular/node_modules/express/lib/router/index.js:280:7
[Mon Sep 12 2016 15:32:53 GMT+0800 (CST)] /dist/core/vendor.js?8173358c9702698f38be
Error: Not Found
    at /Users/qiaoni/HomeLink/angular/server/config/error.js:23:16
    at Layer.handle [as handle_request] (/Users/qiaoni/HomeLink/angular/node_modules/express/lib/router/layer.js:95:5)
    at trim_prefix (/Users/qiaoni/HomeLink/angular/node_modules/express/lib/router/index.js:312:13)
    at /Users/qiaoni/HomeLink/angular/node_modules/express/lib/router/index.js:280:7
    at Function.process_params (/Users/qiaoni/HomeLink/angular/node_modules/express/lib/router/index.js:330:12)
    at next (/Users/qiaoni/HomeLink/angular/node_modules/express/lib/router/index.js:271:10)
    at /Users/qiaoni/HomeLink/angular/server/config/filter.js:23:5
    at Layer.handle [as handle_request] (/Users/qiaoni/HomeLink/angular/node_modules/express/lib/router/layer.js:95:5)
    at trim_prefix (/Users/qiaoni/HomeLink/angular/node_modules/express/lib/router/index.js:312:13)
    at /Users/qiaoni/HomeLink/angular/node_modules/express/lib/router/index.js:280:7
[Mon Sep 12 2016 15:32:53 GMT+0800 (CST)] /dist/apps/account/index.js?8173358c9702698f38be
Error: Not Found
    at /Users/qiaoni/HomeLink/angular/server/config/error.js:23:16
    at Layer.handle [as handle_request] (/Users/qiaoni/HomeLink/angular/node_modules/express/lib/router/layer.js:95:5)
    at trim_prefix (/Users/qiaoni/HomeLink/angular/node_modules/express/lib/router/index.js:312:13)
    at /Users/qiaoni/HomeLink/angular/node_modules/express/lib/router/index.js:280:7
    at Function.process_params (/Users/qiaoni/HomeLink/angular/node_modules/express/lib/router/index.js:330:12)
    at next (/Users/qiaoni/HomeLink/angular/node_modules/express/lib/router/index.js:271:10)
    at /Users/qiaoni/HomeLink/angular/server/config/filter.js:23:5
    at Layer.handle [as handle_request] (/Users/qiaoni/HomeLink/angular/node_modules/express/lib/router/layer.js:95:5)
    at trim_prefix (/Users/qiaoni/HomeLink/angular/node_modules/express/lib/router/index.js:312:13)
    at /Users/qiaoni/HomeLink/angular/node_modules/express/lib/router/index.js:280:7
[Mon Sep 12 2016 15:32:53 GMT+0800 (CST)] /dist/core/vendor.js?8173358c9702698f38be
Error: Not Found
    at /Users/qiaoni/HomeLink/angular/server/config/error.js:23:16
    at Layer.handle [as handle_request] (/Users/qiaoni/HomeLink/angular/node_modules/express/lib/router/layer.js:95:5)
    at trim_prefix (/Users/qiaoni/HomeLink/angular/node_modules/express/lib/router/index.js:312:13)
    at /Users/qiaoni/HomeLink/angular/node_modules/express/lib/router/index.js:280:7
    at Function.process_params (/Users/qiaoni/HomeLink/angular/node_modules/express/lib/router/index.js:330:12)
    at next (/Users/qiaoni/HomeLink/angular/node_modules/express/lib/router/index.js:271:10)
    at /Users/qiaoni/HomeLink/angular/server/config/filter.js:23:5
    at Layer.handle [as handle_request] (/Users/qiaoni/HomeLink/angular/node_modules/express/lib/router/layer.js:95:5)
    at trim_prefix (/Users/qiaoni/HomeLink/angular/node_modules/express/lib/router/index.js:312:13)
    at /Users/qiaoni/HomeLink/angular/node_modules/express/lib/router/index.js:280:7
[Mon Sep 12 2016 15:32:53 GMT+0800 (CST)] /dist/apps/account/index.js?8173358c9702698f38be
Error: Not Found
    at /Users/qiaoni/HomeLink/angular/server/config/error.js:23:16
    at Layer.handle [as handle_request] (/Users/qiaoni/HomeLink/angular/node_modules/express/lib/router/layer.js:95:5)
    at trim_prefix (/Users/qiaoni/HomeLink/angular/node_modules/express/lib/router/index.js:312:13)
    at /Users/qiaoni/HomeLink/angular/node_modules/express/lib/router/index.js:280:7
    at Function.process_params (/Users/qiaoni/HomeLink/angular/node_modules/express/lib/router/index.js:330:12)
    at next (/Users/qiaoni/HomeLink/angular/node_modules/express/lib/router/index.js:271:10)
    at /Users/qiaoni/HomeLink/angular/server/config/filter.js:23:5
    at Layer.handle [as handle_request] (/Users/qiaoni/HomeLink/angular/node_modules/express/lib/router/layer.js:95:5)
    at trim_prefix (/Users/qiaoni/HomeLink/angular/node_modules/express/lib/router/index.js:312:13)
    at /Users/qiaoni/HomeLink/angular/node_modules/express/lib/router/index.js:280:7
[Mon Sep 12 2016 15:33:03 GMT+0800 (CST)] /dist/core/polyfills.js?8173358c9702698f38be
Error: Not Found
    at /Users/qiaoni/HomeLink/angular/server/config/error.js:23:16
    at Layer.handle [as handle_request] (/Users/qiaoni/HomeLink/angular/node_modules/express/lib/router/layer.js:95:5)
    at trim_prefix (/Users/qiaoni/HomeLink/angular/node_modules/express/lib/router/index.js:312:13)
    at /Users/qiaoni/HomeLink/angular/node_modules/express/lib/router/index.js:280:7
    at Function.process_params (/Users/qiaoni/HomeLink/angular/node_modules/express/lib/router/index.js:330:12)
    at next (/Users/qiaoni/HomeLink/angular/node_modules/express/lib/router/index.js:271:10)
    at /Users/qiaoni/HomeLink/angular/server/config/filter.js:23:5
    at Layer.handle [as handle_request] (/Users/qiaoni/HomeLink/angular/node_modules/express/lib/router/layer.js:95:5)
    at trim_prefix (/Users/qiaoni/HomeLink/angular/node_modules/express/lib/router/index.js:312:13)
    at /Users/qiaoni/HomeLink/angular/node_modules/express/lib/router/index.js:280:7
[Mon Sep 12 2016 15:33:03 GMT+0800 (CST)] /dist/core/vendor.js?8173358c9702698f38be
Error: Not Found
    at /Users/qiaoni/HomeLink/angular/server/config/error.js:23:16
    at Layer.handle [as handle_request] (/Users/qiaoni/HomeLink/angular/node_modules/express/lib/router/layer.js:95:5)
    at trim_prefix (/Users/qiaoni/HomeLink/angular/node_modules/express/lib/router/index.js:312:13)
    at /Users/qiaoni/HomeLink/angular/node_modules/express/lib/router/index.js:280:7
    at Function.process_params (/Users/qiaoni/HomeLink/angular/node_modules/express/lib/router/index.js:330:12)
    at next (/Users/qiaoni/HomeLink/angular/node_modules/express/lib/router/index.js:271:10)
    at /Users/qiaoni/HomeLink/angular/server/config/filter.js:23:5
    at Layer.handle [as handle_request] (/Users/qiaoni/HomeLink/angular/node_modules/express/lib/router/layer.js:95:5)
    at trim_prefix (/Users/qiaoni/HomeLink/angular/node_modules/express/lib/router/index.js:312:13)
    at /Users/qiaoni/HomeLink/angular/node_modules/express/lib/router/index.js:280:7
[Mon Sep 12 2016 15:33:03 GMT+0800 (CST)] /dist/apps/account/index.js?8173358c9702698f38be
Error: Not Found
    at /Users/qiaoni/HomeLink/angular/server/config/error.js:23:16
    at Layer.handle [as handle_request] (/Users/qiaoni/HomeLink/angular/node_modules/express/lib/router/layer.js:95:5)
    at trim_prefix (/Users/qiaoni/HomeLink/angular/node_modules/express/lib/router/index.js:312:13)
    at /Users/qiaoni/HomeLink/angular/node_modules/express/lib/router/index.js:280:7
    at Function.process_params (/Users/qiaoni/HomeLink/angular/node_modules/express/lib/router/index.js:330:12)
    at next (/Users/qiaoni/HomeLink/angular/node_modules/express/lib/router/index.js:271:10)
    at /Users/qiaoni/HomeLink/angular/server/config/filter.js:23:5
    at Layer.handle [as handle_request] (/Users/qiaoni/HomeLink/angular/node_modules/express/lib/router/layer.js:95:5)
    at trim_prefix (/Users/qiaoni/HomeLink/angular/node_modules/express/lib/router/index.js:312:13)
    at /Users/qiaoni/HomeLink/angular/node_modules/express/lib/router/index.js:280:7
[Mon Sep 12 2016 15:34:02 GMT+0800 (CST)] /dist/core/polyfills.js?8173358c9702698f38be
Error: Not Found
    at /Users/qiaoni/HomeLink/angular/server/config/error.js:23:16
    at Layer.handle [as handle_request] (/Users/qiaoni/HomeLink/angular/node_modules/express/lib/router/layer.js:95:5)
    at trim_prefix (/Users/qiaoni/HomeLink/angular/node_modules/express/lib/router/index.js:312:13)
    at /Users/qiaoni/HomeLink/angular/node_modules/express/lib/router/index.js:280:7
    at Function.process_params (/Users/qiaoni/HomeLink/angular/node_modules/express/lib/router/index.js:330:12)
    at next (/Users/qiaoni/HomeLink/angular/node_modules/express/lib/router/index.js:271:10)
    at /Users/qiaoni/HomeLink/angular/server/config/filter.js:23:5
    at Layer.handle [as handle_request] (/Users/qiaoni/HomeLink/angular/node_modules/express/lib/router/layer.js:95:5)
    at trim_prefix (/Users/qiaoni/HomeLink/angular/node_modules/express/lib/router/index.js:312:13)
    at /Users/qiaoni/HomeLink/angular/node_modules/express/lib/router/index.js:280:7
[Mon Sep 12 2016 15:34:02 GMT+0800 (CST)] /dist/core/vendor.js?8173358c9702698f38be
Error: Not Found
    at /Users/qiaoni/HomeLink/angular/server/config/error.js:23:16
    at Layer.handle [as handle_request] (/Users/qiaoni/HomeLink/angular/node_modules/express/lib/router/layer.js:95:5)
    at trim_prefix (/Users/qiaoni/HomeLink/angular/node_modules/express/lib/router/index.js:312:13)
    at /Users/qiaoni/HomeLink/angular/node_modules/express/lib/router/index.js:280:7
    at Function.process_params (/Users/qiaoni/HomeLink/angular/node_modules/express/lib/router/index.js:330:12)
    at next (/Users/qiaoni/HomeLink/angular/node_modules/express/lib/router/index.js:271:10)
    at /Users/qiaoni/HomeLink/angular/server/config/filter.js:23:5
    at Layer.handle [as handle_request] (/Users/qiaoni/HomeLink/angular/node_modules/express/lib/router/layer.js:95:5)
    at trim_prefix (/Users/qiaoni/HomeLink/angular/node_modules/express/lib/router/index.js:312:13)
    at /Users/qiaoni/HomeLink/angular/node_modules/express/lib/router/index.js:280:7
[Mon Sep 12 2016 15:34:02 GMT+0800 (CST)] /dist/apps/account/index.js?8173358c9702698f38be
Error: Not Found
    at /Users/qiaoni/HomeLink/angular/server/config/error.js:23:16
    at Layer.handle [as handle_request] (/Users/qiaoni/HomeLink/angular/node_modules/express/lib/router/layer.js:95:5)
    at trim_prefix (/Users/qiaoni/HomeLink/angular/node_modules/express/lib/router/index.js:312:13)
    at /Users/qiaoni/HomeLink/angular/node_modules/express/lib/router/index.js:280:7
    at Function.process_params (/Users/qiaoni/HomeLink/angular/node_modules/express/lib/router/index.js:330:12)
    at next (/Users/qiaoni/HomeLink/angular/node_modules/express/lib/router/index.js:271:10)
    at /Users/qiaoni/HomeLink/angular/server/config/filter.js:23:5
    at Layer.handle [as handle_request] (/Users/qiaoni/HomeLink/angular/node_modules/express/lib/router/layer.js:95:5)
    at trim_prefix (/Users/qiaoni/HomeLink/angular/node_modules/express/lib/router/index.js:312:13)
    at /Users/qiaoni/HomeLink/angular/node_modules/express/lib/router/index.js:280:7
[Mon Sep 12 2016 15:34:02 GMT+0800 (CST)] /dist/core/vendor.js?8173358c9702698f38be
Error: Not Found
    at /Users/qiaoni/HomeLink/angular/server/config/error.js:23:16
    at Layer.handle [as handle_request] (/Users/qiaoni/HomeLink/angular/node_modules/express/lib/router/layer.js:95:5)
    at trim_prefix (/Users/qiaoni/HomeLink/angular/node_modules/express/lib/router/index.js:312:13)
    at /Users/qiaoni/HomeLink/angular/node_modules/express/lib/router/index.js:280:7
    at Function.process_params (/Users/qiaoni/HomeLink/angular/node_modules/express/lib/router/index.js:330:12)
    at next (/Users/qiaoni/HomeLink/angular/node_modules/express/lib/router/index.js:271:10)
    at /Users/qiaoni/HomeLink/angular/server/config/filter.js:23:5
    at Layer.handle [as handle_request] (/Users/qiaoni/HomeLink/angular/node_modules/express/lib/router/layer.js:95:5)
    at trim_prefix (/Users/qiaoni/HomeLink/angular/node_modules/express/lib/router/index.js:312:13)
    at /Users/qiaoni/HomeLink/angular/node_modules/express/lib/router/index.js:280:7
[Mon Sep 12 2016 15:34:02 GMT+0800 (CST)] /dist/apps/account/index.js?8173358c9702698f38be
Error: Not Found
    at /Users/qiaoni/HomeLink/angular/server/config/error.js:23:16
    at Layer.handle [as handle_request] (/Users/qiaoni/HomeLink/angular/node_modules/express/lib/router/layer.js:95:5)
    at trim_prefix (/Users/qiaoni/HomeLink/angular/node_modules/express/lib/router/index.js:312:13)
    at /Users/qiaoni/HomeLink/angular/node_modules/express/lib/router/index.js:280:7
    at Function.process_params (/Users/qiaoni/HomeLink/angular/node_modules/express/lib/router/index.js:330:12)
    at next (/Users/qiaoni/HomeLink/angular/node_modules/express/lib/router/index.js:271:10)
    at /Users/qiaoni/HomeLink/angular/server/config/filter.js:23:5
    at Layer.handle [as handle_request] (/Users/qiaoni/HomeLink/angular/node_modules/express/lib/router/layer.js:95:5)
    at trim_prefix (/Users/qiaoni/HomeLink/angular/node_modules/express/lib/router/index.js:312:13)
    at /Users/qiaoni/HomeLink/angular/node_modules/express/lib/router/index.js:280:7
[Mon Sep 12 2016 15:34:07 GMT+0800 (CST)] /dist/core/polyfills.js?8173358c9702698f38be
Error: Not Found
    at /Users/qiaoni/HomeLink/angular/server/config/error.js:23:16
    at Layer.handle [as handle_request] (/Users/qiaoni/HomeLink/angular/node_modules/express/lib/router/layer.js:95:5)
    at trim_prefix (/Users/qiaoni/HomeLink/angular/node_modules/express/lib/router/index.js:312:13)
    at /Users/qiaoni/HomeLink/angular/node_modules/express/lib/router/index.js:280:7
    at Function.process_params (/Users/qiaoni/HomeLink/angular/node_modules/express/lib/router/index.js:330:12)
    at next (/Users/qiaoni/HomeLink/angular/node_modules/express/lib/router/index.js:271:10)
    at /Users/qiaoni/HomeLink/angular/server/config/filter.js:23:5
    at Layer.handle [as handle_request] (/Users/qiaoni/HomeLink/angular/node_modules/express/lib/router/layer.js:95:5)
    at trim_prefix (/Users/qiaoni/HomeLink/angular/node_modules/express/lib/router/index.js:312:13)
    at /Users/qiaoni/HomeLink/angular/node_modules/express/lib/router/index.js:280:7
[Mon Sep 12 2016 15:56:24 GMT+0800 (CST)] /dist/core/polyfills.js?8173358c9702698f38be
Error: Not Found
    at /Users/qiaoni/HomeLink/angular/server/config/error.js:23:16
    at Layer.handle [as handle_request] (/Users/qiaoni/HomeLink/angular/node_modules/express/lib/router/layer.js:95:5)
    at trim_prefix (/Users/qiaoni/HomeLink/angular/node_modules/express/lib/router/index.js:312:13)
    at /Users/qiaoni/HomeLink/angular/node_modules/express/lib/router/index.js:280:7
    at Function.process_params (/Users/qiaoni/HomeLink/angular/node_modules/express/lib/router/index.js:330:12)
    at next (/Users/qiaoni/HomeLink/angular/node_modules/express/lib/router/index.js:271:10)
    at /Users/qiaoni/HomeLink/angular/server/config/filter.js:23:5
    at Layer.handle [as handle_request] (/Users/qiaoni/HomeLink/angular/node_modules/express/lib/router/layer.js:95:5)
    at trim_prefix (/Users/qiaoni/HomeLink/angular/node_modules/express/lib/router/index.js:312:13)
    at /Users/qiaoni/HomeLink/angular/node_modules/express/lib/router/index.js:280:7
[Mon Sep 12 2016 15:56:24 GMT+0800 (CST)] /dist/core/vendor.js?8173358c9702698f38be
Error: Not Found
    at /Users/qiaoni/HomeLink/angular/server/config/error.js:23:16
    at Layer.handle [as handle_request] (/Users/qiaoni/HomeLink/angular/node_modules/express/lib/router/layer.js:95:5)
    at trim_prefix (/Users/qiaoni/HomeLink/angular/node_modules/express/lib/router/index.js:312:13)
    at /Users/qiaoni/HomeLink/angular/node_modules/express/lib/router/index.js:280:7
    at Function.process_params (/Users/qiaoni/HomeLink/angular/node_modules/express/lib/router/index.js:330:12)
    at next (/Users/qiaoni/HomeLink/angular/node_modules/express/lib/router/index.js:271:10)
    at /Users/qiaoni/HomeLink/angular/server/config/filter.js:23:5
    at Layer.handle [as handle_request] (/Users/qiaoni/HomeLink/angular/node_modules/express/lib/router/layer.js:95:5)
    at trim_prefix (/Users/qiaoni/HomeLink/angular/node_modules/express/lib/router/index.js:312:13)
    at /Users/qiaoni/HomeLink/angular/node_modules/express/lib/router/index.js:280:7
[Mon Sep 12 2016 15:56:24 GMT+0800 (CST)] /dist/apps/account/index.js?8173358c9702698f38be
Error: Not Found
    at /Users/qiaoni/HomeLink/angular/server/config/error.js:23:16
    at Layer.handle [as handle_request] (/Users/qiaoni/HomeLink/angular/node_modules/express/lib/router/layer.js:95:5)
    at trim_prefix (/Users/qiaoni/HomeLink/angular/node_modules/express/lib/router/index.js:312:13)
    at /Users/qiaoni/HomeLink/angular/node_modules/express/lib/router/index.js:280:7
    at Function.process_params (/Users/qiaoni/HomeLink/angular/node_modules/express/lib/router/index.js:330:12)
    at next (/Users/qiaoni/HomeLink/angular/node_modules/express/lib/router/index.js:271:10)
    at /Users/qiaoni/HomeLink/angular/server/config/filter.js:23:5
    at Layer.handle [as handle_request] (/Users/qiaoni/HomeLink/angular/node_modules/express/lib/router/layer.js:95:5)
    at trim_prefix (/Users/qiaoni/HomeLink/angular/node_modules/express/lib/router/index.js:312:13)
    at /Users/qiaoni/HomeLink/angular/node_modules/express/lib/router/index.js:280:7
[Mon Sep 12 2016 15:56:24 GMT+0800 (CST)] /dist/core/vendor.js?8173358c9702698f38be
Error: Not Found
    at /Users/qiaoni/HomeLink/angular/server/config/error.js:23:16
    at Layer.handle [as handle_request] (/Users/qiaoni/HomeLink/angular/node_modules/express/lib/router/layer.js:95:5)
    at trim_prefix (/Users/qiaoni/HomeLink/angular/node_modules/express/lib/router/index.js:312:13)
    at /Users/qiaoni/HomeLink/angular/node_modules/express/lib/router/index.js:280:7
    at Function.process_params (/Users/qiaoni/HomeLink/angular/node_modules/express/lib/router/index.js:330:12)
    at next (/Users/qiaoni/HomeLink/angular/node_modules/express/lib/router/index.js:271:10)
    at /Users/qiaoni/HomeLink/angular/server/config/filter.js:23:5
    at Layer.handle [as handle_request] (/Users/qiaoni/HomeLink/angular/node_modules/express/lib/router/layer.js:95:5)
    at trim_prefix (/Users/qiaoni/HomeLink/angular/node_modules/express/lib/router/index.js:312:13)
    at /Users/qiaoni/HomeLink/angular/node_modules/express/lib/router/index.js:280:7
[Mon Sep 12 2016 15:56:24 GMT+0800 (CST)] /dist/apps/account/index.js?8173358c9702698f38be
Error: Not Found
    at /Users/qiaoni/HomeLink/angular/server/config/error.js:23:16
    at Layer.handle [as handle_request] (/Users/qiaoni/HomeLink/angular/node_modules/express/lib/router/layer.js:95:5)
    at trim_prefix (/Users/qiaoni/HomeLink/angular/node_modules/express/lib/router/index.js:312:13)
    at /Users/qiaoni/HomeLink/angular/node_modules/express/lib/router/index.js:280:7
    at Function.process_params (/Users/qiaoni/HomeLink/angular/node_modules/express/lib/router/index.js:330:12)
    at next (/Users/qiaoni/HomeLink/angular/node_modules/express/lib/router/index.js:271:10)
    at /Users/qiaoni/HomeLink/angular/server/config/filter.js:23:5
    at Layer.handle [as handle_request] (/Users/qiaoni/HomeLink/angular/node_modules/express/lib/router/layer.js:95:5)
    at trim_prefix (/Users/qiaoni/HomeLink/angular/node_modules/express/lib/router/index.js:312:13)
    at /Users/qiaoni/HomeLink/angular/node_modules/express/lib/router/index.js:280:7
[Wed Sep 14 2016 09:36:08 GMT+0800 (CST)] /favicon.ico
Error: Not Found
    at /Users/qiaoni/HomeLink/angular/server/config/error.js:23:16
    at Layer.handle [as handle_request] (/Users/qiaoni/HomeLink/angular/node_modules/express/lib/router/layer.js:95:5)
    at trim_prefix (/Users/qiaoni/HomeLink/angular/node_modules/express/lib/router/index.js:312:13)
    at /Users/qiaoni/HomeLink/angular/node_modules/express/lib/router/index.js:280:7
    at Function.process_params (/Users/qiaoni/HomeLink/angular/node_modules/express/lib/router/index.js:330:12)
    at next (/Users/qiaoni/HomeLink/angular/node_modules/express/lib/router/index.js:271:10)
    at /Users/qiaoni/HomeLink/angular/server/config/filter.js:23:5
    at Layer.handle [as handle_request] (/Users/qiaoni/HomeLink/angular/node_modules/express/lib/router/layer.js:95:5)
    at trim_prefix (/Users/qiaoni/HomeLink/angular/node_modules/express/lib/router/index.js:312:13)
    at /Users/qiaoni/HomeLink/angular/node_modules/express/lib/router/index.js:280:7
[Wed Sep 14 2016 09:36:40 GMT+0800 (CST)] /favicon.ico
Error: Not Found
    at /Users/qiaoni/HomeLink/angular/server/config/error.js:23:16
    at Layer.handle [as handle_request] (/Users/qiaoni/HomeLink/angular/node_modules/express/lib/router/layer.js:95:5)
    at trim_prefix (/Users/qiaoni/HomeLink/angular/node_modules/express/lib/router/index.js:312:13)
    at /Users/qiaoni/HomeLink/angular/node_modules/express/lib/router/index.js:280:7
    at Function.process_params (/Users/qiaoni/HomeLink/angular/node_modules/express/lib/router/index.js:330:12)
    at next (/Users/qiaoni/HomeLink/angular/node_modules/express/lib/router/index.js:271:10)
    at /Users/qiaoni/HomeLink/angular/server/config/filter.js:23:5
    at Layer.handle [as handle_request] (/Users/qiaoni/HomeLink/angular/node_modules/express/lib/router/layer.js:95:5)
    at trim_prefix (/Users/qiaoni/HomeLink/angular/node_modules/express/lib/router/index.js:312:13)
    at /Users/qiaoni/HomeLink/angular/node_modules/express/lib/router/index.js:280:7
[Fri Sep 16 2016 09:23:27 GMT+0800 (CST)] /favicon.ico
Error: Not Found
    at /Users/qiaoni/HomeLink/angular/server/config/error.js:23:16
    at Layer.handle [as handle_request] (/Users/qiaoni/HomeLink/angular/node_modules/express/lib/router/layer.js:95:5)
    at trim_prefix (/Users/qiaoni/HomeLink/angular/node_modules/express/lib/router/index.js:312:13)
    at /Users/qiaoni/HomeLink/angular/node_modules/express/lib/router/index.js:280:7
    at Function.process_params (/Users/qiaoni/HomeLink/angular/node_modules/express/lib/router/index.js:330:12)
    at next (/Users/qiaoni/HomeLink/angular/node_modules/express/lib/router/index.js:271:10)
    at /Users/qiaoni/HomeLink/angular/server/config/filter.js:23:5
    at Layer.handle [as handle_request] (/Users/qiaoni/HomeLink/angular/node_modules/express/lib/router/layer.js:95:5)
    at trim_prefix (/Users/qiaoni/HomeLink/angular/node_modules/express/lib/router/index.js:312:13)
    at /Users/qiaoni/HomeLink/angular/node_modules/express/lib/router/index.js:280:7
[Thu Sep 29 2016 13:28:16 GMT+0800 (CST)] /favicon.ico
Error: Not Found
    at /Users/qiaoni/HomeLink/angular/server/config/error.js:23:16
    at Layer.handle [as handle_request] (/Users/qiaoni/HomeLink/angular/node_modules/express/lib/router/layer.js:95:5)
    at trim_prefix (/Users/qiaoni/HomeLink/angular/node_modules/express/lib/router/index.js:312:13)
    at /Users/qiaoni/HomeLink/angular/node_modules/express/lib/router/index.js:280:7
    at Function.process_params (/Users/qiaoni/HomeLink/angular/node_modules/express/lib/router/index.js:330:12)
    at next (/Users/qiaoni/HomeLink/angular/node_modules/express/lib/router/index.js:271:10)
    at /Users/qiaoni/HomeLink/angular/server/config/filter.js:23:5
    at Layer.handle [as handle_request] (/Users/qiaoni/HomeLink/angular/node_modules/express/lib/router/layer.js:95:5)
    at trim_prefix (/Users/qiaoni/HomeLink/angular/node_modules/express/lib/router/index.js:312:13)
    at /Users/qiaoni/HomeLink/angular/node_modules/express/lib/router/index.js:280:7
